{"0":"CL-Puppeteer service running on port 3000","1":{"component":"app","port":3000},"_meta":{"runtime":"Nodejs","runtimeVersion":"v22.13.0","hostname":"Panam","name":"app","date":"2025-03-17T15:01:35.674Z","logLevelId":3,"logLevelName":"INFO"}}
{"0":"Browser instance initialized","1":{"component":"browser"},"_meta":{"runtime":"Nodejs","runtimeVersion":"v22.13.0","hostname":"Panam","name":"browser","date":"2025-03-17T15:01:36.218Z","logLevelId":3,"logLevelName":"INFO"}}
{"0":"Page created","1":{"component":"browser","taskId":"browser-init-1742223695677","poolSize":1},"_meta":{"runtime":"Nodejs","runtimeVersion":"v22.13.0","hostname":"Panam","name":"browser","date":"2025-03-17T15:01:36.362Z","logLevelId":3,"logLevelName":"INFO"}}
{"0":"Performing initial Reddit job scrape","1":{"component":"app"},"_meta":{"runtime":"Nodejs","runtimeVersion":"v22.13.0","hostname":"Panam","name":"app","date":"2025-03-17T15:01:41.374Z","logLevelId":3,"logLevelName":"INFO"}}
{"0":"Starting Reddit job scraping task reddit-task-1742223701375-tjkqp1je4","1":{"component":"reddit-controller","taskId":"reddit-task-1742223701375-tjkqp1je4","url":"https://www.reddit.com/r/PinoyProgrammer/comments/1j0m8iv/who_is_hiring_march_2025/?sort=new"},"_meta":{"runtime":"Nodejs","runtimeVersion":"v22.13.0","hostname":"Panam","name":"reddit-controller","date":"2025-03-17T15:01:41.375Z","logLevelId":3,"logLevelName":"INFO"}}
{"0":"Page created","1":{"component":"browser","taskId":"reddit-task-1742223701375-tjkqp1je4","poolSize":2},"_meta":{"runtime":"Nodejs","runtimeVersion":"v22.13.0","hostname":"Panam","name":"browser","date":"2025-03-17T15:01:41.502Z","logLevelId":3,"logLevelName":"INFO"}}
{"0":"Navigating to https://www.reddit.com/r/PinoyProgrammer/comments/1j0m8iv/who_is_hiring_march_2025/?sort=new","1":{"component":"reddit-tasks"},"_meta":{"runtime":"Nodejs","runtimeVersion":"v22.13.0","hostname":"Panam","name":"reddit-tasks","date":"2025-03-17T15:01:41.503Z","logLevelId":3,"logLevelName":"INFO"}}
{"0":"Page loaded, waiting for content to be ready","1":{"component":"reddit-tasks"},"_meta":{"runtime":"Nodejs","runtimeVersion":"v22.13.0","hostname":"Panam","name":"reddit-tasks","date":"2025-03-17T15:01:43.208Z","logLevelId":3,"logLevelName":"INFO"}}
{"0":"Initial comments loaded, scrolling to load all comments","1":{"component":"reddit-tasks"},"_meta":{"runtime":"Nodejs","runtimeVersion":"v22.13.0","hostname":"Panam","name":"reddit-tasks","date":"2025-03-17T15:01:43.681Z","logLevelId":3,"logLevelName":"INFO"}}
{"0":"Scroll iteration 1/15","1":{"component":"reddit-tasks"},"_meta":{"runtime":"Nodejs","runtimeVersion":"v22.13.0","hostname":"Panam","name":"reddit-tasks","date":"2025-03-17T15:01:43.682Z","logLevelId":3,"logLevelName":"INFO"}}
{"0":"Found 7 comments after scroll 1","1":{"component":"reddit-tasks"},"_meta":{"runtime":"Nodejs","runtimeVersion":"v22.13.0","hostname":"Panam","name":"reddit-tasks","date":"2025-03-17T15:01:45.707Z","logLevelId":3,"logLevelName":"INFO"}}
{"0":"Clicked \"load more\" buttons, waiting for content to load","1":{"component":"reddit-tasks"},"_meta":{"runtime":"Nodejs","runtimeVersion":"v22.13.0","hostname":"Panam","name":"reddit-tasks","date":"2025-03-17T15:01:45.711Z","logLevelId":3,"logLevelName":"INFO"}}
{"0":"Scroll iteration 2/15","1":{"component":"reddit-tasks"},"_meta":{"runtime":"Nodejs","runtimeVersion":"v22.13.0","hostname":"Panam","name":"reddit-tasks","date":"2025-03-17T15:01:47.721Z","logLevelId":3,"logLevelName":"INFO"}}
{"0":"Found 10 comments after scroll 2","1":{"component":"reddit-tasks"},"_meta":{"runtime":"Nodejs","runtimeVersion":"v22.13.0","hostname":"Panam","name":"reddit-tasks","date":"2025-03-17T15:01:49.734Z","logLevelId":3,"logLevelName":"INFO"}}
{"0":"Scroll iteration 3/15","1":{"component":"reddit-tasks"},"_meta":{"runtime":"Nodejs","runtimeVersion":"v22.13.0","hostname":"Panam","name":"reddit-tasks","date":"2025-03-17T15:01:49.736Z","logLevelId":3,"logLevelName":"INFO"}}
{"0":"Found 10 comments after scroll 3","1":{"component":"reddit-tasks"},"_meta":{"runtime":"Nodejs","runtimeVersion":"v22.13.0","hostname":"Panam","name":"reddit-tasks","date":"2025-03-17T15:01:51.742Z","logLevelId":3,"logLevelName":"INFO"}}
{"0":"Scroll iteration 4/15","1":{"component":"reddit-tasks"},"_meta":{"runtime":"Nodejs","runtimeVersion":"v22.13.0","hostname":"Panam","name":"reddit-tasks","date":"2025-03-17T15:01:52.746Z","logLevelId":3,"logLevelName":"INFO"}}
{"0":"Found 10 comments after scroll 4","1":{"component":"reddit-tasks"},"_meta":{"runtime":"Nodejs","runtimeVersion":"v22.13.0","hostname":"Panam","name":"reddit-tasks","date":"2025-03-17T15:01:54.763Z","logLevelId":3,"logLevelName":"INFO"}}
{"0":"Scroll iteration 5/15","1":{"component":"reddit-tasks"},"_meta":{"runtime":"Nodejs","runtimeVersion":"v22.13.0","hostname":"Panam","name":"reddit-tasks","date":"2025-03-17T15:01:54.766Z","logLevelId":3,"logLevelName":"INFO"}}
{"0":"Found 10 comments after scroll 5","1":{"component":"reddit-tasks"},"_meta":{"runtime":"Nodejs","runtimeVersion":"v22.13.0","hostname":"Panam","name":"reddit-tasks","date":"2025-03-17T15:01:56.778Z","logLevelId":3,"logLevelName":"INFO"}}
{"0":"Comment count stable at 10 for 3 scrolls, considering complete","1":{"component":"reddit-tasks"},"_meta":{"runtime":"Nodejs","runtimeVersion":"v22.13.0","hostname":"Panam","name":"reddit-tasks","date":"2025-03-17T15:01:56.779Z","logLevelId":3,"logLevelName":"INFO"}}
{"0":"Finished scrolling, extracting data","1":{"component":"reddit-tasks"},"_meta":{"runtime":"Nodejs","runtimeVersion":"v22.13.0","hostname":"Panam","name":"reddit-tasks","date":"2025-03-17T15:01:56.780Z","logLevelId":3,"logLevelName":"INFO"}}
{"0":"Scraped 8 job listings","1":{"component":"reddit-tasks"},"_meta":{"runtime":"Nodejs","runtimeVersion":"v22.13.0","hostname":"Panam","name":"reddit-tasks","date":"2025-03-17T15:01:56.781Z","logLevelId":3,"logLevelName":"INFO"}}
{"0":"Released page for task ID: reddit-task-1742223701375-tjkqp1je4","1":{"component":"browser","poolSize":1},"_meta":{"runtime":"Nodejs","runtimeVersion":"v22.13.0","hostname":"Panam","name":"browser","date":"2025-03-17T15:01:56.814Z","logLevelId":2,"logLevelName":"DEBUG"}}
